app/build/intermediates/manifest_merge_blame_file/debug/manifest-merger-blame-debug-report.txt
1<?xml version="1.0" encoding="utf-8"?>
2<manifest xmlns:android="http://schemas.android.com/apk/res/android"
3    package="codepath.demos.helloworlddemo"
4    android:versionCode="1"
5    android:versionName="1.0" >
6
7    <uses-sdk
8        android:minSdkVersion="19"
8-->src\main\AndroidManifest.xml
9        android:targetSdkVersion="27" />
9-->src\main\AndroidManifest.xml
10
11    <application
11-->src\main\AndroidManifest.xml:7:5-21:19
12        android:allowBackup="true"
12-->src\main\AndroidManifest.xml:8:9-35
13        android:appComponentFactory="androidx.core.app.CoreComponentFactory"
13-->[androidx.core:core:1.1.0] AndroidManifest.xml:24:18-86
14        android:debuggable="true"
15        android:icon="@drawable/ic_launcher"
15-->src\main\AndroidManifest.xml:9:9-45
16        android:label="@string/app_name"
16-->src\main\AndroidManifest.xml:10:9-41
17        android:testOnly="true"
18        android:theme="@style/Theme.AppCompat.Light" >
18-->src\main\AndroidManifest.xml:11:9-53
19        <activity android:name="codepath.demos.helloworlddemo.EditActivity" />
19-->src\main\AndroidManifest.xml:12:9-59
19-->src\main\AndroidManifest.xml:12:19-47
20        <activity
20-->src\main\AndroidManifest.xml:13:9-20:20
21            android:name="codepath.demos.helloworlddemo.MainActivity"
21-->src\main\AndroidManifest.xml:14:13-41
22            android:label="@string/app_name" >
22-->src\main\AndroidManifest.xml:15:13-45
23            <intent-filter>
23-->src\main\AndroidManifest.xml:16:13-19:29
24                <action android:name="android.intent.action.MAIN" />
24-->src\main\AndroidManifest.xml:17:17-69
24-->src\main\AndroidManifest.xml:17:25-66
25
26                <category android:name="android.intent.category.LAUNCHER" />
26-->src\main\AndroidManifest.xml:18:17-77
26-->src\main\AndroidManifest.xml:18:27-74
27            </intent-filter>
28        </activity>
29    </application>
30
31</manifest>